# JRE version: OpenJDK Runtime Environment Temurin-17.0.6+10 (17.0.6+10) (build 17.0.6+10)
# Java VM: OpenJDK 64-Bit Server VM Temurin-17.0.6+10 (17.0.6+10, mixed mode, emulated-client, tiered, compressed oops, compressed class ptrs, g1 gc, windows-amd64)
GC Precious Log:
 CPUs: 4 total, 4 available
 Memory: 3818M
 Large Page Support: Disabled
 NUMA Support: Disabled
 Compressed Oops: Enabled (32-bit)
 Heap Region Size: 1M
 Heap Min Capacity: 8M
 Heap Initial Capacity: 60M
 Heap Max Capacity: 1G
 Pre-touch: Disabled
 Parallel Workers: 4
 Concurrent Workers: 1
 Concurrent Refinement Workers: 4
 Periodic GC: Disabled
Heap:
 garbage-first heap   total 48128K, used 14176K [0x00000000c0000000, 0x0000000100000000)
  region size 1024K, 1 young (1024K), 0 survivors (0K)
 Metaspace       used 34452K, committed 34944K, reserved 1081344K
  class space    used 4471K, committed 4672K, reserved 1048576K
GC Heap History (20 events):
Event: 800.792 GC heap before
{Heap before GC invocations=84 (full 73):
 garbage-first heap   total 48128K, used 14143K [0x00000000c0000000, 0x0000000100000000)
  region size 1024K, 1 young (1024K), 0 survivors (0K)
 Metaspace       used 34436K, committed 34944K, reserved 1081344K
  class space    used 4465K, committed 4672K, reserved 1048576K
}
Event: 800.817 GC heap after
{Heap after GC invocations=85 (full 74):
 garbage-first heap   total 48128K, used 14143K [0x00000000c0000000, 0x0000000100000000)
  region size 1024K, 0 young (0K), 0 survivors (0K)
 Metaspace       used 34436K, committed 34944K, reserved 1081344K
  class space    used 4465K, committed 4672K, reserved 1048576K
}
Event: 810.966 GC heap before
{Heap before GC invocations=85 (full 74):
 garbage-first heap   total 48128K, used 14143K [0x00000000c0000000, 0x0000000100000000)
  region size 1024K, 1 young (1024K), 0 survivors (0K)
 Metaspace       used 34436K, committed 34944K, reserved 1081344K
  class space    used 4465K, committed 4672K, reserved 1048576K
}
Event: 810.980 GC heap after
{Heap after GC invocations=86 (full 75):
 garbage-first heap   total 48128K, used 14143K [0x00000000c0000000, 0x0000000100000000)
  region size 1024K, 0 young (0K), 0 survivors (0K)
 Metaspace       used 34436K, committed 34944K, reserved 1081344K
  class space    used 4465K, committed 4672K, reserved 1048576K
}
Event: 821.114 GC heap before
{Heap before GC invocations=86 (full 75):
 garbage-first heap   total 48128K, used 14143K [0x00000000c0000000, 0x0000000100000000)
  region size 1024K, 1 young (1024K), 0 survivors (0K)
 Metaspace       used 34436K, committed 34944K, reserved 1081344K
  class space    used 4465K, committed 4672K, reserved 1048576K
}
Event: 821.130 GC heap after
{Heap after GC invocations=87 (full 76):
 garbage-first heap   total 48128K, used 14143K [0x00000000c0000000, 0x0000000100000000)
  region size 1024K, 0 young (0K), 0 survivors (0K)
 Metaspace       used 34436K, committed 34944K, reserved 1081344K
  class space    used 4465K, committed 4672K, reserved 1048576K
}
Event: 831.245 GC heap before
{Heap before GC invocations=87 (full 76):
 garbage-first heap   total 48128K, used 14143K [0x00000000c0000000, 0x0000000100000000)
  region size 1024K, 1 young (1024K), 0 survivors (0K)
 Metaspace       used 34436K, committed 34944K, reserved 1081344K
  class space    used 4465K, committed 4672K, reserved 1048576K
}
Event: 831.262 GC heap after
{Heap after GC invocations=88 (full 77):
 garbage-first heap   total 48128K, used 14143K [0x00000000c0000000, 0x0000000100000000)
  region size 1024K, 0 young (0K), 0 survivors (0K)
 Metaspace       used 34436K, committed 34944K, reserved 1081344K
  class space    used 4465K, committed 4672K, reserved 1048576K
}
Event: 841.556 GC heap before
{Heap before GC invocations=88 (full 77):
 garbage-first heap   total 48128K, used 14143K [0x00000000c0000000, 0x0000000100000000)
  region size 1024K, 1 young (1024K), 0 survivors (0K)
 Metaspace       used 34436K, committed 34944K, reserved 1081344K
  class space    used 4465K, committed 4672K, reserved 1048576K
}
Event: 841.572 GC heap after
{Heap after GC invocations=89 (full 78):
 garbage-first heap   total 48128K, used 14143K [0x00000000c0000000, 0x0000000100000000)
  region size 1024K, 0 young (0K), 0 survivors (0K)
 Metaspace       used 34436K, committed 34944K, reserved 1081344K
  class space    used 4465K, committed 4672K, reserved 1048576K
}
Event: 851.853 GC heap before
{Heap before GC invocations=89 (full 78):
 garbage-first heap   total 48128K, used 14143K [0x00000000c0000000, 0x0000000100000000)
  region size 1024K, 1 young (1024K), 0 survivors (0K)
 Metaspace       used 34436K, committed 34944K, reserved 1081344K
  class space    used 4465K, committed 4672K, reserved 1048576K
}
Event: 851.977 GC heap after
{Heap after GC invocations=90 (full 79):
 garbage-first heap   total 48128K, used 14143K [0x00000000c0000000, 0x0000000100000000)
  region size 1024K, 0 young (0K), 0 survivors (0K)
 Metaspace       used 34436K, committed 34944K, reserved 1081344K
  class space    used 4465K, committed 4672K, reserved 1048576K
}
Event: 912.269 GC heap before
{Heap before GC invocations=90 (full 79):
 garbage-first heap   total 48128K, used 15167K [0x00000000c0000000, 0x0000000100000000)
  region size 1024K, 2 young (2048K), 0 survivors (0K)
 Metaspace       used 34458K, committed 34944K, reserved 1081344K
  class space    used 4473K, committed 4672K, reserved 1048576K
}
Event: 912.411 GC heap after
{Heap after GC invocations=91 (full 80):
 garbage-first heap   total 48128K, used 14491K [0x00000000c0000000, 0x0000000100000000)
  region size 1024K, 0 young (0K), 0 survivors (0K)
 Metaspace       used 34458K, committed 34944K, reserved 1081344K
  class space    used 4473K, committed 4672K, reserved 1048576K
}
Event: 922.540 GC heap before
{Heap before GC invocations=91 (full 80):
 garbage-first heap   total 48128K, used 14491K [0x00000000c0000000, 0x0000000100000000)
  region size 1024K, 1 young (1024K), 0 survivors (0K)
 Metaspace       used 34458K, committed 34944K, reserved 1081344K
  class space    used 4473K, committed 4672K, reserved 1048576K
}
Event: 922.718 GC heap after
{Heap after GC invocations=92 (full 81):
 garbage-first heap   total 48128K, used 14177K [0x00000000c0000000, 0x0000000100000000)
  region size 1024K, 0 young (0K), 0 survivors (0K)
 Metaspace       used 34452K, committed 34944K, reserved 1081344K
  class space    used 4471K, committed 4672K, reserved 1048576K
}
Event: 933.143 GC heap before
{Heap before GC invocations=92 (full 81):
 garbage-first heap   total 48128K, used 14177K [0x00000000c0000000, 0x0000000100000000)
  region size 1024K, 1 young (1024K), 0 survivors (0K)
 Metaspace       used 34452K, committed 34944K, reserved 1081344K
  class space    used 4471K, committed 4672K, reserved 1048576K
}
Event: 933.411 GC heap after
{Heap after GC invocations=93 (full 82):
 garbage-first heap   total 48128K, used 14177K [0x00000000c0000000, 0x0000000100000000)
  region size 1024K, 0 young (0K), 0 survivors (0K)
 Metaspace       used 34452K, committed 34944K, reserved 1081344K
  class space    used 4471K, committed 4672K, reserved 1048576K
}
Event: 943.807 GC heap before
{Heap before GC invocations=93 (full 82):
 garbage-first heap   total 48128K, used 14177K [0x00000000c0000000, 0x0000000100000000)
  region size 1024K, 1 young (1024K), 0 survivors (0K)
 Metaspace       used 34452K, committed 34944K, reserved 1081344K
  class space    used 4471K, committed 4672K, reserved 1048576K
}
Event: 943.981 GC heap after
{Heap after GC invocations=94 (full 83):
 garbage-first heap   total 48128K, used 14176K [0x00000000c0000000, 0x0000000100000000)
  region size 1024K, 0 young (0K), 0 survivors (0K)
 Metaspace       used 34452K, committed 34944K, reserved 1081344K
  class space    used 4471K, committed 4672K, reserved 1048576K
}

